build/app/intermediates/manifest_merge_blame_file/release/manifest-merger-blame-release-report.txt
1<?xml version="1.0" encoding="utf-8"?>
2<manifest xmlns:android="http://schemas.android.com/apk/res/android"
3    package="com.tiagomeurer.minimalist"
4    android:versionCode="1"
5    android:versionName="1.0.0" >
6
7    <uses-sdk
8        android:minSdkVersion="16"
8-->src\main\AndroidManifest.xml
9        android:targetSdkVersion="28" />
9-->src\main\AndroidManifest.xml
10
11    <uses-permission android:name="com.android.vending.BILLING" />
11-->[com.android.billingclient:billing:2.0.3] AndroidManifest.xml:10:5-67
11-->[com.android.billingclient:billing:2.0.3] AndroidManifest.xml:10:22-64
12    <!--
13 io.flutter.app.FlutterApplication is an android.app.Application that
14         calls FlutterMain.startInitialization(this); in its onCreate method.
15         In most cases you can leave this as-is, but you if you want to provide
16         additional functionality it is fine to subclass or reimplement
17         FlutterApplication and put your custom class here.
18    -->
19    <application
19-->src\main\AndroidManifest.xml:8:5-29:19
20        android:name="io.flutter.app.FlutterApplication"
20-->src\main\AndroidManifest.xml:9:9-57
21        android:appComponentFactory="androidx.core.app.CoreComponentFactory"
21-->[androidx.core:core:1.0.0] AndroidManifest.xml:22:18-86
22        android:icon="@drawable/minimalistlogo"
22-->src\main\AndroidManifest.xml:11:9-48
23        android:label="Minima.list" >
23-->src\main\AndroidManifest.xml:10:9-36
24        <activity
24-->src\main\AndroidManifest.xml:12:9-23:20
25            android:name="com.tiagomeurer.minimalist.MainActivity"
25-->src\main\AndroidManifest.xml:13:13-41
26            android:configChanges="orientation|keyboardHidden|keyboard|screenSize|smallestScreenSize|locale|layoutDirection|fontScale|screenLayout|density|uiMode"
26-->src\main\AndroidManifest.xml:16:13-163
27            android:hardwareAccelerated="true"
27-->src\main\AndroidManifest.xml:17:13-47
28            android:launchMode="singleTop"
28-->src\main\AndroidManifest.xml:14:13-43
29            android:theme="@style/LaunchTheme"
29-->src\main\AndroidManifest.xml:15:13-47
30            android:windowSoftInputMode="adjustResize" >
30-->src\main\AndroidManifest.xml:18:13-55
31            <intent-filter>
31-->src\main\AndroidManifest.xml:19:13-22:29
32                <action android:name="android.intent.action.MAIN" />
32-->src\main\AndroidManifest.xml:20:17-68
32-->src\main\AndroidManifest.xml:20:25-66
33
34                <category android:name="android.intent.category.LAUNCHER" />
34-->src\main\AndroidManifest.xml:21:17-76
34-->src\main\AndroidManifest.xml:21:27-74
35            </intent-filter>
36        </activity>
37        <!--
38             Don't delete the meta-data below.
39             This is used by the Flutter tool to generate GeneratedPluginRegistrant.java
40        -->
41        <meta-data
41-->src\main\AndroidManifest.xml:26:9-28:33
42            android:name="flutterEmbedding"
42-->src\main\AndroidManifest.xml:27:13-44
43            android:value="2" />
43-->src\main\AndroidManifest.xml:28:13-30
44
45        <activity
45-->[:url_launcher] AndroidManifest.xml:8:9-11:74
46            android:name="io.flutter.plugins.urllauncher.WebViewActivity"
46-->[:url_launcher] AndroidManifest.xml:9:13-74
47            android:exported="false"
47-->[:url_launcher] AndroidManifest.xml:10:13-37
48            android:theme="@android:style/Theme.NoTitleBar.Fullscreen" />
48-->[:url_launcher] AndroidManifest.xml:11:13-71
49
50        <meta-data
50-->[com.android.billingclient:billing:2.0.3] AndroidManifest.xml:13:9-15:37
51            android:name="com.google.android.play.billingclient.version"
51-->[com.android.billingclient:billing:2.0.3] AndroidManifest.xml:14:13-73
52            android:value="2.0.3" />
52-->[com.android.billingclient:billing:2.0.3] AndroidManifest.xml:15:13-34
53
54        <activity
54-->[com.android.billingclient:billing:2.0.3] AndroidManifest.xml:17:9-20:75
55            android:name="com.android.billingclient.api.ProxyBillingActivity"
55-->[com.android.billingclient:billing:2.0.3] AndroidManifest.xml:18:13-78
56            android:configChanges="keyboard|keyboardHidden|screenLayout|screenSize|orientation"
56-->[com.android.billingclient:billing:2.0.3] AndroidManifest.xml:19:13-96
57            android:theme="@android:style/Theme.Translucent.NoTitleBar" />
57-->[com.android.billingclient:billing:2.0.3] AndroidManifest.xml:20:13-72
58    </application>
59
60</manifest>